<?xml version="1.0" encoding="UTF-8"?>
<testsuite name="alhilal.androidapp.RunTest" time="0.084" tests="4" errors="3" skipped="1" failures="0">
  <properties>
    <property name="java.runtime.name" value="Java(TM) SE Runtime Environment"/>
    <property name="sun.boot.library.path" value="/Library/Java/JavaVirtualMachines/jdk1.8.0_102.jdk/Contents/Home/jre/lib"/>
    <property name="java.vm.version" value="25.102-b14"/>
    <property name="gopherProxySet" value="false"/>
    <property name="java.vm.vendor" value="Oracle Corporation"/>
    <property name="maven.multiModuleProjectDirectory" value="/Users/alhilalbank/Documents/eclipse/workspace/androidapp"/>
    <property name="java.vendor.url" value="http://java.oracle.com/"/>
    <property name="path.separator" value=":"/>
    <property name="guice.disable.misplaced.annotation.check" value="true"/>
    <property name="java.vm.name" value="Java HotSpot(TM) 64-Bit Server VM"/>
    <property name="file.encoding.pkg" value="sun.io"/>
    <property name="user.country" value="US"/>
    <property name="sun.java.launcher" value="SUN_STANDARD"/>
    <property name="sun.os.patch.level" value="unknown"/>
    <property name="java.vm.specification.name" value="Java Virtual Machine Specification"/>
    <property name="user.dir" value="/Users/alhilalbank/Documents/eclipse/workspace/androidapp"/>
    <property name="java.runtime.version" value="1.8.0_102-b14"/>
    <property name="java.awt.graphicsenv" value="sun.awt.CGraphicsEnvironment"/>
    <property name="java.endorsed.dirs" value="/Library/Java/JavaVirtualMachines/jdk1.8.0_102.jdk/Contents/Home/jre/lib/endorsed"/>
    <property name="os.arch" value="x86_64"/>
    <property name="java.io.tmpdir" value="/var/folders/5r/g8dnh8wx2y79y7wk28y05zbm0000gn/T/"/>
    <property name="line.separator" value="&#10;"/>
    <property name="java.vm.specification.vendor" value="Oracle Corporation"/>
    <property name="os.name" value="Mac OS X"/>
    <property name="classworlds.conf" value="/Users/alhilalbank/Documents/eclipse/workspace/.metadata/.plugins/org.eclipse.m2e.launching/launches/m2conf1546636262514842661.tmp"/>
    <property name="sun.jnu.encoding" value="UTF-8"/>
    <property name="java.library.path" value="/Users/alhilalbank/Library/Java/Extensions:/Library/Java/Extensions:/Network/Library/Java/Extensions:/System/Library/Java/Extensions:/usr/lib/java:."/>
    <property name="java.specification.name" value="Java Platform API Specification"/>
    <property name="java.class.version" value="52.0"/>
    <property name="sun.management.compiler" value="HotSpot 64-Bit Tiered Compilers"/>
    <property name="os.version" value="10.11.6"/>
    <property name="http.nonProxyHosts" value="local|*.local|169.254/16|*.169.254/16"/>
    <property name="user.home" value="/Users/alhilalbank"/>
    <property name="user.timezone" value="Asia/Dubai"/>
    <property name="java.awt.printerjob" value="sun.lwawt.macosx.CPrinterJob"/>
    <property name="java.specification.version" value="1.8"/>
    <property name="file.encoding" value="UTF-8"/>
    <property name="user.name" value="alhilalbank"/>
    <property name="java.class.path" value="/Applications/Eclipse.app/Contents/Eclipse/plugins/org.eclipse.m2e.maven.runtime_1.9.1.20180912-1600/jars/plexus-classworlds-2.5.2.jar"/>
    <property name="java.vm.specification.version" value="1.8"/>
    <property name="sun.arch.data.model" value="64"/>
    <property name="java.home" value="/Library/Java/JavaVirtualMachines/jdk1.8.0_102.jdk/Contents/Home/jre"/>
    <property name="sun.java.command" value="org.codehaus.plexus.classworlds.launcher.Launcher -B test"/>
    <property name="java.specification.vendor" value="Oracle Corporation"/>
    <property name="user.language" value="en"/>
    <property name="awt.toolkit" value="sun.lwawt.macosx.LWCToolkit"/>
    <property name="java.vm.info" value="mixed mode"/>
    <property name="java.version" value="1.8.0_102"/>
    <property name="java.ext.dirs" value="/Users/alhilalbank/Library/Java/Extensions:/Library/Java/JavaVirtualMachines/jdk1.8.0_102.jdk/Contents/Home/jre/lib/ext:/Library/Java/Extensions:/Network/Library/Java/Extensions:/System/Library/Java/Extensions:/usr/lib/java"/>
    <property name="sun.boot.class.path" value="/Library/Java/JavaVirtualMachines/jdk1.8.0_102.jdk/Contents/Home/jre/lib/resources.jar:/Library/Java/JavaVirtualMachines/jdk1.8.0_102.jdk/Contents/Home/jre/lib/rt.jar:/Library/Java/JavaVirtualMachines/jdk1.8.0_102.jdk/Contents/Home/jre/lib/sunrsasign.jar:/Library/Java/JavaVirtualMachines/jdk1.8.0_102.jdk/Contents/Home/jre/lib/jsse.jar:/Library/Java/JavaVirtualMachines/jdk1.8.0_102.jdk/Contents/Home/jre/lib/jce.jar:/Library/Java/JavaVirtualMachines/jdk1.8.0_102.jdk/Contents/Home/jre/lib/charsets.jar:/Library/Java/JavaVirtualMachines/jdk1.8.0_102.jdk/Contents/Home/jre/lib/jfr.jar:/Library/Java/JavaVirtualMachines/jdk1.8.0_102.jdk/Contents/Home/jre/classes"/>
    <property name="java.vendor" value="Oracle Corporation"/>
    <property name="maven.home" value="/Users/alhilalbank/Documents/eclipse/workspace/androidapp/EMBEDDED"/>
    <property name="file.separator" value="/"/>
    <property name="java.vendor.url.bug" value="http://bugreport.sun.com/bugreport/"/>
    <property name="sun.cpu.endian" value="little"/>
    <property name="sun.io.unicode.encoding" value="UnicodeBig"/>
    <property name="socksNonProxyHosts" value="local|*.local|169.254/16|*.169.254/16"/>
    <property name="ftp.nonProxyHosts" value="local|*.local|169.254/16|*.169.254/16"/>
    <property name="sun.cpu.isalist" value=""/>
  </properties>
  <testcase name="Then Get the OTP from the third party app" classname="Scenario: Registration process should allow user to activate biometric login - biometrics features are enabled and set for the device" time="0.041">
    <error message="A session is either terminated or not started&#10;Build info: version: &apos;3.11.0&apos;, revision: &apos;e59cfb3&apos;, time: &apos;2018-03-11T20:26:55.152Z&apos;&#10;System info: host: &apos;Als-MacBook-Pro.local&apos;, ip: &apos;172.16.9.143&apos;, os.name: &apos;Mac OS X&apos;, os.arch: &apos;x86_64&apos;, os.version: &apos;10.11.6&apos;, java.version: &apos;1.8.0_102&apos;&#10;Driver info: io.appium.java_client.android.AndroidDriver&#10;Capabilities {VERSION: 8.0.0, appActivity: com.ahb.mb.dev.AlHilalBank, appPackage: com.ahb.mb.dev, databaseEnabled: false, desired: {VERSION: 8.0.0, appActivity: com.ahb.mb.dev.AlHilalBank, appPackage: com.ahb.mb.dev, deviceName: ce12171ca29fc41504, platformName: android}, deviceManufacturer: samsung, deviceModel: SM-G955F, deviceName: ce12171ca29fc41504, deviceScreenSize: 1440x2960, deviceUDID: ce12171ca29fc41504, javascriptEnabled: true, locationContextEnabled: false, networkConnectionEnabled: true, platform: LINUX, platformName: LINUX, platformVersion: 8.0.0, takesScreenshot: true, warnings: {}, webStorageEnabled: false}&#10;Session ID: 2d0d9b7e-634a-47ff-a68b-33f931934ca7&#10;*** Element info: {Using=xpath, value=//android.widget.HorizontalScrollView[@index=&apos;1&apos;]/android.support.v7.widget.RecyclerView[@index=&apos;0&apos;]/android.widget.LinearLayout[@index=&apos;0&apos;]/android.widget.FrameLayout[@index=&apos;1&apos;]/android.widget.TextView[@index=&apos;0&apos;]}" type="org.openqa.selenium.NoSuchSessionException">org.openqa.selenium.NoSuchSessionException: A session is either terminated or not started
Build info: version: '3.11.0', revision: 'e59cfb3', time: '2018-03-11T20:26:55.152Z'
System info: host: 'Als-MacBook-Pro.local', ip: '172.16.9.143', os.name: 'Mac OS X', os.arch: 'x86_64', os.version: '10.11.6', java.version: '1.8.0_102'
Driver info: io.appium.java_client.android.AndroidDriver
Capabilities {VERSION: 8.0.0, appActivity: com.ahb.mb.dev.AlHilalBank, appPackage: com.ahb.mb.dev, databaseEnabled: false, desired: {VERSION: 8.0.0, appActivity: com.ahb.mb.dev.AlHilalBank, appPackage: com.ahb.mb.dev, deviceName: ce12171ca29fc41504, platformName: android}, deviceManufacturer: samsung, deviceModel: SM-G955F, deviceName: ce12171ca29fc41504, deviceScreenSize: 1440x2960, deviceUDID: ce12171ca29fc41504, javascriptEnabled: true, locationContextEnabled: false, networkConnectionEnabled: true, platform: LINUX, platformName: LINUX, platformVersion: 8.0.0, takesScreenshot: true, warnings: {}, webStorageEnabled: false}
Session ID: 2d0d9b7e-634a-47ff-a68b-33f931934ca7
*** Element info: {Using=xpath, value=//android.widget.HorizontalScrollView[@index='1']/android.support.v7.widget.RecyclerView[@index='0']/android.widget.LinearLayout[@index='0']/android.widget.FrameLayout[@index='1']/android.widget.TextView[@index='0']}
	at sun.reflect.NativeConstructorAccessorImpl.newInstance0(Native Method)
	at sun.reflect.NativeConstructorAccessorImpl.newInstance(NativeConstructorAccessorImpl.java:62)
	at sun.reflect.DelegatingConstructorAccessorImpl.newInstance(DelegatingConstructorAccessorImpl.java:45)
	at java.lang.reflect.Constructor.newInstance(Constructor.java:423)
	at org.openqa.selenium.remote.http.W3CHttpResponseCodec.createException(W3CHttpResponseCodec.java:187)
	at org.openqa.selenium.remote.http.W3CHttpResponseCodec.decode(W3CHttpResponseCodec.java:122)
	at org.openqa.selenium.remote.http.W3CHttpResponseCodec.decode(W3CHttpResponseCodec.java:49)
	at org.openqa.selenium.remote.HttpCommandExecutor.execute(HttpCommandExecutor.java:158)
	at io.appium.java_client.remote.AppiumCommandExecutor.execute(AppiumCommandExecutor.java:129)
	at org.openqa.selenium.remote.RemoteWebDriver.execute(RemoteWebDriver.java:545)
	at io.appium.java_client.DefaultGenericMobileDriver.execute(DefaultGenericMobileDriver.java:42)
	at io.appium.java_client.AppiumDriver.execute(AppiumDriver.java:1)
	at io.appium.java_client.android.AndroidDriver.execute(AndroidDriver.java:1)
	at org.openqa.selenium.remote.RemoteWebDriver.findElement(RemoteWebDriver.java:319)
	at io.appium.java_client.DefaultGenericMobileDriver.findElement(DefaultGenericMobileDriver.java:62)
	at io.appium.java_client.AppiumDriver.findElement(AppiumDriver.java:1)
	at io.appium.java_client.android.AndroidDriver.findElement(AndroidDriver.java:1)
	at org.openqa.selenium.remote.RemoteWebDriver.findElementByXPath(RemoteWebDriver.java:421)
	at io.appium.java_client.DefaultGenericMobileDriver.findElementByXPath(DefaultGenericMobileDriver.java:152)
	at io.appium.java_client.AppiumDriver.findElementByXPath(AppiumDriver.java:1)
	at io.appium.java_client.android.AndroidDriver.findElementByXPath(AndroidDriver.java:1)
	at org.openqa.selenium.By$ByXPath.findElement(By.java:361)
	at org.openqa.selenium.remote.RemoteWebDriver.findElement(RemoteWebDriver.java:311)
	at io.appium.java_client.DefaultGenericMobileDriver.findElement(DefaultGenericMobileDriver.java:58)
	at io.appium.java_client.AppiumDriver.findElement(AppiumDriver.java:1)
	at io.appium.java_client.android.AndroidDriver.findElement(AndroidDriver.java:1)
	at alhilal.androidapp.pages.Reg_Use_Credit_Card_Page.Third_PartyApp(Reg_Use_Credit_Card_Page.java:93)
	at alhilal.androidapp.step_definitions.Reg_Use_Credit_Card_Steps.get_the_OTP_from_the_third_party_app(Reg_Use_Credit_Card_Steps.java:48)
	at ✽.Then Get the OTP from the third party app(Registration_Cred_Card.feature:40)
</error>
    <system-out><![CDATA[@reg_cred_card
Feature: Registration process using Credit Card
  I should be able to register using my Credit card and Credit card pin
]]></system-out>
    <system-err><![CDATA[Oct 30, 2018 4:10:48 PM org.openqa.selenium.remote.ProtocolHandshake createSession
INFO: Detected dialect: W3C
Oct 30, 2018 4:10:56 PM org.openqa.selenium.remote.ProtocolHandshake createSession
INFO: Detected dialect: W3C
]]></system-err>
  </testcase>
  <testcase name="Scenario: Registration process should allow user to activate biometric login - biometrics features are enabled and set for the device" classname="Scenario: Registration process should allow user to activate biometric login - biometrics features are enabled and set for the device" time="0.043">
    <error message="A session is either terminated or not started&#10;Build info: version: &apos;3.11.0&apos;, revision: &apos;e59cfb3&apos;, time: &apos;2018-03-11T20:26:55.152Z&apos;&#10;System info: host: &apos;Als-MacBook-Pro.local&apos;, ip: &apos;172.16.9.143&apos;, os.name: &apos;Mac OS X&apos;, os.arch: &apos;x86_64&apos;, os.version: &apos;10.11.6&apos;, java.version: &apos;1.8.0_102&apos;&#10;Driver info: io.appium.java_client.android.AndroidDriver&#10;Capabilities {VERSION: 8.0.0, appActivity: com.ahb.mb.dev.AlHilalBank, appPackage: com.ahb.mb.dev, databaseEnabled: false, desired: {VERSION: 8.0.0, appActivity: com.ahb.mb.dev.AlHilalBank, appPackage: com.ahb.mb.dev, deviceName: ce12171ca29fc41504, platformName: android}, deviceManufacturer: samsung, deviceModel: SM-G955F, deviceName: ce12171ca29fc41504, deviceScreenSize: 1440x2960, deviceUDID: ce12171ca29fc41504, javascriptEnabled: true, locationContextEnabled: false, networkConnectionEnabled: true, platform: LINUX, platformName: LINUX, platformVersion: 8.0.0, takesScreenshot: true, warnings: {}, webStorageEnabled: false}&#10;Session ID: 2d0d9b7e-634a-47ff-a68b-33f931934ca7&#10;*** Element info: {Using=xpath, value=//android.widget.HorizontalScrollView[@index=&apos;1&apos;]/android.support.v7.widget.RecyclerView[@index=&apos;0&apos;]/android.widget.LinearLayout[@index=&apos;0&apos;]/android.widget.FrameLayout[@index=&apos;1&apos;]/android.widget.TextView[@index=&apos;0&apos;]}" type="org.openqa.selenium.NoSuchSessionException">org.openqa.selenium.NoSuchSessionException: A session is either terminated or not started
Build info: version: '3.11.0', revision: 'e59cfb3', time: '2018-03-11T20:26:55.152Z'
System info: host: 'Als-MacBook-Pro.local', ip: '172.16.9.143', os.name: 'Mac OS X', os.arch: 'x86_64', os.version: '10.11.6', java.version: '1.8.0_102'
Driver info: io.appium.java_client.android.AndroidDriver
Capabilities {VERSION: 8.0.0, appActivity: com.ahb.mb.dev.AlHilalBank, appPackage: com.ahb.mb.dev, databaseEnabled: false, desired: {VERSION: 8.0.0, appActivity: com.ahb.mb.dev.AlHilalBank, appPackage: com.ahb.mb.dev, deviceName: ce12171ca29fc41504, platformName: android}, deviceManufacturer: samsung, deviceModel: SM-G955F, deviceName: ce12171ca29fc41504, deviceScreenSize: 1440x2960, deviceUDID: ce12171ca29fc41504, javascriptEnabled: true, locationContextEnabled: false, networkConnectionEnabled: true, platform: LINUX, platformName: LINUX, platformVersion: 8.0.0, takesScreenshot: true, warnings: {}, webStorageEnabled: false}
Session ID: 2d0d9b7e-634a-47ff-a68b-33f931934ca7
*** Element info: {Using=xpath, value=//android.widget.HorizontalScrollView[@index='1']/android.support.v7.widget.RecyclerView[@index='0']/android.widget.LinearLayout[@index='0']/android.widget.FrameLayout[@index='1']/android.widget.TextView[@index='0']}
	at sun.reflect.NativeConstructorAccessorImpl.newInstance0(Native Method)
	at sun.reflect.NativeConstructorAccessorImpl.newInstance(NativeConstructorAccessorImpl.java:62)
	at sun.reflect.DelegatingConstructorAccessorImpl.newInstance(DelegatingConstructorAccessorImpl.java:45)
	at java.lang.reflect.Constructor.newInstance(Constructor.java:423)
	at org.openqa.selenium.remote.http.W3CHttpResponseCodec.createException(W3CHttpResponseCodec.java:187)
	at org.openqa.selenium.remote.http.W3CHttpResponseCodec.decode(W3CHttpResponseCodec.java:122)
	at org.openqa.selenium.remote.http.W3CHttpResponseCodec.decode(W3CHttpResponseCodec.java:49)
	at org.openqa.selenium.remote.HttpCommandExecutor.execute(HttpCommandExecutor.java:158)
	at io.appium.java_client.remote.AppiumCommandExecutor.execute(AppiumCommandExecutor.java:129)
	at org.openqa.selenium.remote.RemoteWebDriver.execute(RemoteWebDriver.java:545)
	at io.appium.java_client.DefaultGenericMobileDriver.execute(DefaultGenericMobileDriver.java:42)
	at io.appium.java_client.AppiumDriver.execute(AppiumDriver.java:1)
	at io.appium.java_client.android.AndroidDriver.execute(AndroidDriver.java:1)
	at org.openqa.selenium.remote.RemoteWebDriver.findElement(RemoteWebDriver.java:319)
	at io.appium.java_client.DefaultGenericMobileDriver.findElement(DefaultGenericMobileDriver.java:62)
	at io.appium.java_client.AppiumDriver.findElement(AppiumDriver.java:1)
	at io.appium.java_client.android.AndroidDriver.findElement(AndroidDriver.java:1)
	at org.openqa.selenium.remote.RemoteWebDriver.findElementByXPath(RemoteWebDriver.java:421)
	at io.appium.java_client.DefaultGenericMobileDriver.findElementByXPath(DefaultGenericMobileDriver.java:152)
	at io.appium.java_client.AppiumDriver.findElementByXPath(AppiumDriver.java:1)
	at io.appium.java_client.android.AndroidDriver.findElementByXPath(AndroidDriver.java:1)
	at org.openqa.selenium.By$ByXPath.findElement(By.java:361)
	at org.openqa.selenium.remote.RemoteWebDriver.findElement(RemoteWebDriver.java:311)
	at io.appium.java_client.DefaultGenericMobileDriver.findElement(DefaultGenericMobileDriver.java:58)
	at io.appium.java_client.AppiumDriver.findElement(AppiumDriver.java:1)
	at io.appium.java_client.android.AndroidDriver.findElement(AndroidDriver.java:1)
	at alhilal.androidapp.pages.Reg_Use_Credit_Card_Page.Third_PartyApp(Reg_Use_Credit_Card_Page.java:93)
	at alhilal.androidapp.step_definitions.Reg_Use_Credit_Card_Steps.get_the_OTP_from_the_third_party_app(Reg_Use_Credit_Card_Steps.java:48)
	at ✽.Then Get the OTP from the third party app(Registration_Cred_Card.feature:40)
</error>
  </testcase>
  <testcase name="Scenario: Registration process should allow user to activate biometric login - biometrics features are enabled and set for the device" classname="Scenario: Registration process should allow user to activate biometric login - biometrics features are enabled and set for the device" time="0.067">
    <error message="A session is either terminated or not started&#10;Build info: version: &apos;3.11.0&apos;, revision: &apos;e59cfb3&apos;, time: &apos;2018-03-11T20:26:55.152Z&apos;&#10;System info: host: &apos;Als-MacBook-Pro.local&apos;, ip: &apos;172.16.9.143&apos;, os.name: &apos;Mac OS X&apos;, os.arch: &apos;x86_64&apos;, os.version: &apos;10.11.6&apos;, java.version: &apos;1.8.0_102&apos;&#10;Driver info: io.appium.java_client.android.AndroidDriver&#10;Capabilities {VERSION: 8.0.0, appActivity: com.ahb.mb.dev.AlHilalBank, appPackage: com.ahb.mb.dev, databaseEnabled: false, desired: {VERSION: 8.0.0, appActivity: com.ahb.mb.dev.AlHilalBank, appPackage: com.ahb.mb.dev, deviceName: ce12171ca29fc41504, platformName: android}, deviceManufacturer: samsung, deviceModel: SM-G955F, deviceName: ce12171ca29fc41504, deviceScreenSize: 1440x2960, deviceUDID: ce12171ca29fc41504, javascriptEnabled: true, locationContextEnabled: false, networkConnectionEnabled: true, platform: LINUX, platformName: LINUX, platformVersion: 8.0.0, takesScreenshot: true, warnings: {}, webStorageEnabled: false}&#10;Session ID: 2d0d9b7e-634a-47ff-a68b-33f931934ca7" type="io.appium.java_client.NoSuchContextException">io.appium.java_client.NoSuchContextException: A session is either terminated or not started
Build info: version: '3.11.0', revision: 'e59cfb3', time: '2018-03-11T20:26:55.152Z'
System info: host: 'Als-MacBook-Pro.local', ip: '172.16.9.143', os.name: 'Mac OS X', os.arch: 'x86_64', os.version: '10.11.6', java.version: '1.8.0_102'
Driver info: io.appium.java_client.android.AndroidDriver
Capabilities {VERSION: 8.0.0, appActivity: com.ahb.mb.dev.AlHilalBank, appPackage: com.ahb.mb.dev, databaseEnabled: false, desired: {VERSION: 8.0.0, appActivity: com.ahb.mb.dev.AlHilalBank, appPackage: com.ahb.mb.dev, deviceName: ce12171ca29fc41504, platformName: android}, deviceManufacturer: samsung, deviceModel: SM-G955F, deviceName: ce12171ca29fc41504, deviceScreenSize: 1440x2960, deviceUDID: ce12171ca29fc41504, javascriptEnabled: true, locationContextEnabled: false, networkConnectionEnabled: true, platform: LINUX, platformName: LINUX, platformVersion: 8.0.0, takesScreenshot: true, warnings: {}, webStorageEnabled: false}
Session ID: 2d0d9b7e-634a-47ff-a68b-33f931934ca7
	at io.appium.java_client.AppiumDriver.context(AppiumDriver.java:201)
	at alhilal.androidapp.utils.Hooks.closeDriver(Hooks.java:23)
	at sun.reflect.NativeMethodAccessorImpl.invoke0(Native Method)
	at sun.reflect.NativeMethodAccessorImpl.invoke(NativeMethodAccessorImpl.java:62)
	at sun.reflect.DelegatingMethodAccessorImpl.invoke(DelegatingMethodAccessorImpl.java:43)
	at java.lang.reflect.Method.invoke(Method.java:498)
	at cucumber.runtime.Utils$1.call(Utils.java:40)
	at cucumber.runtime.Timeout.timeout(Timeout.java:16)
	at cucumber.runtime.Utils.invoke(Utils.java:34)
	at cucumber.runtime.java.JavaHookDefinition.execute(JavaHookDefinition.java:60)
	at cucumber.runtime.Runtime.runHookIfTagsMatch(Runtime.java:224)
	at cucumber.runtime.Runtime.runHooks(Runtime.java:212)
	at cucumber.runtime.Runtime.runAfterHooks(Runtime.java:206)
	at cucumber.runtime.model.CucumberScenario.run(CucumberScenario.java:46)
	at cucumber.runtime.junit.ExecutionUnitRunner.run(ExecutionUnitRunner.java:102)
	at cucumber.runtime.junit.FeatureRunner.runChild(FeatureRunner.java:63)
	at cucumber.runtime.junit.FeatureRunner.runChild(FeatureRunner.java:18)
	at org.junit.runners.ParentRunner$3.run(ParentRunner.java:290)
	at org.junit.runners.ParentRunner$1.schedule(ParentRunner.java:71)
	at org.junit.runners.ParentRunner.runChildren(ParentRunner.java:288)
	at org.junit.runners.ParentRunner.access$000(ParentRunner.java:58)
	at org.junit.runners.ParentRunner$2.evaluate(ParentRunner.java:268)
	at org.junit.runners.ParentRunner.run(ParentRunner.java:363)
	at cucumber.runtime.junit.FeatureRunner.run(FeatureRunner.java:70)
	at cucumber.api.junit.Cucumber.runChild(Cucumber.java:95)
	at cucumber.api.junit.Cucumber.runChild(Cucumber.java:38)
	at org.junit.runners.ParentRunner$3.run(ParentRunner.java:290)
	at org.junit.runners.ParentRunner$1.schedule(ParentRunner.java:71)
	at org.junit.runners.ParentRunner.runChildren(ParentRunner.java:288)
	at org.junit.runners.ParentRunner.access$000(ParentRunner.java:58)
	at org.junit.runners.ParentRunner$2.evaluate(ParentRunner.java:268)
	at org.junit.runners.ParentRunner.run(ParentRunner.java:363)
	at cucumber.api.junit.Cucumber.run(Cucumber.java:100)
	at org.apache.maven.surefire.junit4.JUnit4Provider.execute(JUnit4Provider.java:283)
	at org.apache.maven.surefire.junit4.JUnit4Provider.executeWithRerun(JUnit4Provider.java:173)
	at org.apache.maven.surefire.junit4.JUnit4Provider.executeTestSet(JUnit4Provider.java:153)
	at org.apache.maven.surefire.junit4.JUnit4Provider.invoke(JUnit4Provider.java:128)
	at org.apache.maven.surefire.booter.ForkedBooter.invokeProviderInSameClassLoader(ForkedBooter.java:203)
	at org.apache.maven.surefire.booter.ForkedBooter.runSuitesInProcess(ForkedBooter.java:155)
	at org.apache.maven.surefire.booter.ForkedBooter.main(ForkedBooter.java:103)
Caused by: org.openqa.selenium.NoSuchSessionException: A session is either terminated or not started
Build info: version: '3.11.0', revision: 'e59cfb3', time: '2018-03-11T20:26:55.152Z'
System info: host: 'Als-MacBook-Pro.local', ip: '172.16.9.143', os.name: 'Mac OS X', os.arch: 'x86_64', os.version: '10.11.6', java.version: '1.8.0_102'
Driver info: io.appium.java_client.android.AndroidDriver
Capabilities {VERSION: 8.0.0, appActivity: com.ahb.mb.dev.AlHilalBank, appPackage: com.ahb.mb.dev, databaseEnabled: false, desired: {VERSION: 8.0.0, appActivity: com.ahb.mb.dev.AlHilalBank, appPackage: com.ahb.mb.dev, deviceName: ce12171ca29fc41504, platformName: android}, deviceManufacturer: samsung, deviceModel: SM-G955F, deviceName: ce12171ca29fc41504, deviceScreenSize: 1440x2960, deviceUDID: ce12171ca29fc41504, javascriptEnabled: true, locationContextEnabled: false, networkConnectionEnabled: true, platform: LINUX, platformName: LINUX, platformVersion: 8.0.0, takesScreenshot: true, warnings: {}, webStorageEnabled: false}
Session ID: 2d0d9b7e-634a-47ff-a68b-33f931934ca7
	at sun.reflect.NativeConstructorAccessorImpl.newInstance0(Native Method)
	at sun.reflect.NativeConstructorAccessorImpl.newInstance(NativeConstructorAccessorImpl.java:62)
	at sun.reflect.DelegatingConstructorAccessorImpl.newInstance(DelegatingConstructorAccessorImpl.java:45)
	at java.lang.reflect.Constructor.newInstance(Constructor.java:423)
	at org.openqa.selenium.remote.http.W3CHttpResponseCodec.createException(W3CHttpResponseCodec.java:187)
	at org.openqa.selenium.remote.http.W3CHttpResponseCodec.decode(W3CHttpResponseCodec.java:122)
	at org.openqa.selenium.remote.http.W3CHttpResponseCodec.decode(W3CHttpResponseCodec.java:49)
	at org.openqa.selenium.remote.HttpCommandExecutor.execute(HttpCommandExecutor.java:158)
	at io.appium.java_client.remote.AppiumCommandExecutor.execute(AppiumCommandExecutor.java:129)
	at org.openqa.selenium.remote.RemoteWebDriver.execute(RemoteWebDriver.java:545)
	at io.appium.java_client.DefaultGenericMobileDriver.execute(DefaultGenericMobileDriver.java:42)
	at io.appium.java_client.AppiumDriver.execute(AppiumDriver.java:1)
	at io.appium.java_client.android.AndroidDriver.execute(AndroidDriver.java:1)
	at io.appium.java_client.AppiumDriver.context(AppiumDriver.java:198)
	at alhilal.androidapp.utils.Hooks.closeDriver(Hooks.java:23)
	at sun.reflect.NativeMethodAccessorImpl.invoke0(Native Method)
	at sun.reflect.NativeMethodAccessorImpl.invoke(NativeMethodAccessorImpl.java:62)
	at sun.reflect.DelegatingMethodAccessorImpl.invoke(DelegatingMethodAccessorImpl.java:43)
	at java.lang.reflect.Method.invoke(Method.java:498)
	at cucumber.runtime.Utils$1.call(Utils.java:40)
	at cucumber.runtime.Timeout.timeout(Timeout.java:16)
	at cucumber.runtime.Utils.invoke(Utils.java:34)
	at cucumber.runtime.java.JavaHookDefinition.execute(JavaHookDefinition.java:60)
	at cucumber.runtime.Runtime.runHookIfTagsMatch(Runtime.java:224)
	at cucumber.runtime.Runtime.runHooks(Runtime.java:212)
	at cucumber.runtime.Runtime.runAfterHooks(Runtime.java:206)
	at cucumber.runtime.model.CucumberScenario.run(CucumberScenario.java:46)
	at cucumber.runtime.junit.ExecutionUnitRunner.run(ExecutionUnitRunner.java:102)
	at cucumber.runtime.junit.FeatureRunner.runChild(FeatureRunner.java:63)
	at cucumber.runtime.junit.FeatureRunner.runChild(FeatureRunner.java:18)
	at org.junit.runners.ParentRunner$3.run(ParentRunner.java:290)
	at org.junit.runners.ParentRunner$1.schedule(ParentRunner.java:71)
	at org.junit.runners.ParentRunner.runChildren(ParentRunner.java:288)
	at org.junit.runners.ParentRunner.access$000(ParentRunner.java:58)
	at org.junit.runners.ParentRunner$2.evaluate(ParentRunner.java:268)
	at org.junit.runners.ParentRunner.run(ParentRunner.java:363)
	at cucumber.runtime.junit.FeatureRunner.run(FeatureRunner.java:70)
	at cucumber.api.junit.Cucumber.runChild(Cucumber.java:95)
	at cucumber.api.junit.Cucumber.runChild(Cucumber.java:38)
	at org.junit.runners.ParentRunner$3.run(ParentRunner.java:290)
	at org.junit.runners.ParentRunner$1.schedule(ParentRunner.java:71)
	at org.junit.runners.ParentRunner.runChildren(ParentRunner.java:288)
	at org.junit.runners.ParentRunner.access$000(ParentRunner.java:58)
	at org.junit.runners.ParentRunner$2.evaluate(ParentRunner.java:268)
	at org.junit.runners.ParentRunner.run(ParentRunner.java:363)
	at cucumber.api.junit.Cucumber.run(Cucumber.java:100)
	at org.apache.maven.surefire.junit4.JUnit4Provider.execute(JUnit4Provider.java:283)
	at org.apache.maven.surefire.junit4.JUnit4Provider.executeWithRerun(JUnit4Provider.java:173)
	at org.apache.maven.surefire.junit4.JUnit4Provider.executeTestSet(JUnit4Provider.java:153)
	at org.apache.maven.surefire.junit4.JUnit4Provider.invoke(JUnit4Provider.java:128)
	at org.apache.maven.surefire.booter.ForkedBooter.invokeProviderInSameClassLoader(ForkedBooter.java:203)
	at org.apache.maven.surefire.booter.ForkedBooter.runSuitesInProcess(ForkedBooter.java:155)
	at org.apache.maven.surefire.booter.ForkedBooter.main(ForkedBooter.java:103)
</error>
  </testcase>
  <testcase name="And Enter the OTP and confirm the screen navigates to you are all set! screen" classname="Scenario: Registration process should allow user to activate biometric login - biometrics features are enabled and set for the device" time="0">
    <skipped/>
  </testcase>
</testsuite>